[handleMsg]:  {
  key: {
    remoteJid: '573168108421@s.whatsapp.net',
    fromMe: false,
    id: '8E67850A10273F6DFD9E70424F8159FB',
    participant: undefined
  },
  messageTimestamp: 1707929375,
  pushName: 'Felipe Carrillo',
  broadcast: false,
  message: Message {
    conversation: 'Hola',
    messageContextInfo: MessageContextInfo {
      deviceListMetadata: [DeviceListMetadata],
      deviceListMetadataVersion: 2
    }
  },
  body: 'Hola',
  from: '573168108421'
}
[QUEUE_SE_ENVIO]:  {
  ref: 'ans_3f904462-9ff8-4a12-b5ee-c681c7a4ea37',
  keyword: 'key_a1c137ef-4f99-4960-bd35-171147ce2a22',
  answer: '⚡⚡ Hola, welcome a Nacional de Electricos ⚡⚡',
  options: {
    media: null,
    buttons: [],
    capture: false,
    child: null,
    delay: 0,
    idle: null,
    ref: null,
    nested: [],
    keyword: {},
    callback: false
  },
  refSerialize: '0aad3bbb9daee397aa7bebf435e51095'
}
[QUEUE_SE_ENVIO]:  {
  ref: 'ans_2f6b51ed-0c05-4545-8cf5-97e70986960d',
  keyword: 'ans_3f904462-9ff8-4a12-b5ee-c681c7a4ea37',
  answer: '📑 *MENÚ* 📑 \n' +
    '*1.* Registo \n' +
    '*2.* Informacion de mi pedido\n' +
    '*3.* Productos\n' +
    '*4.* Contactar con un experto\n' +
    '*5.* Información de mi pedido',
  options: {
    media: null,
    buttons: [],
    capture: false,
    child: null,
    delay: 0,
    idle: null,
    ref: null,
    nested: [
      [Object], [Object],
      [Object], [Object],
      [Object], [Object],
      [Object], [Object],
      [Object], [Object],
      [Object], [Object]
    ],
    keyword: {},
    callback: false
  },
  refSerialize: '2a0b4d24bc5207d28d9f9e2babe1798c'
}
[handleMsg]:  {
  key: {
    remoteJid: '573168108421@s.whatsapp.net',
    fromMe: false,
    id: '5A474A9F5DC1888BEFDA16D6A9455B7A',
    participant: undefined
  },
  messageTimestamp: 1707929377,
  pushName: 'Felipe Carrillo',
  broadcast: false,
  message: Message {
    conversation: '2',
    messageContextInfo: MessageContextInfo {
      deviceListMetadata: [DeviceListMetadata],
      deviceListMetadataVersion: 2
    }
  },
  body: '2',
  from: '573168108421'
}
[QUEUE_SE_ENVIO]:  {
  ref: 'ans_d4b92573-cba8-4f2b-bef9-7e8b00868b77',
  keyword: 'key_88840475-58be-464f-813e-e99db87fc072',
  answer: 'Digita el *numero de celular* registrado en la *pagina web* para asi poder buscar tu pedido. ',
  options: {
    media: null,
    buttons: [],
    capture: true,
    child: null,
    delay: 0,
    idle: null,
    ref: null,
    nested: [],
    keyword: {},
    callback: true
  },
  refSerialize: 'c6ae0f3acaa5ea347f92f49b37291739'
}
[handleMsg]:  {
  key: {
    remoteJid: '573168108421@s.whatsapp.net',
    fromMe: false,
    id: '9707B1204FCE5DE72A34918814048373',
    participant: undefined
  },
  messageTimestamp: 1707929383,
  pushName: 'Felipe Carrillo',
  broadcast: false,
  message: Message {
    conversation: '3168108421',
    messageContextInfo: MessageContextInfo {
      deviceListMetadata: [DeviceListMetadata],
      deviceListMetadataVersion: 2
    }
  },
  body: '3168108421',
  from: '573168108421'
}
[handleMsg]:  {
  key: {
    remoteJid: '573168108421@s.whatsapp.net',
    fromMe: false,
    id: '663F7C6EEBBACC8853D354DCC79CCCD4',
    participant: undefined
  },
  messageTimestamp: 1707929601,
  pushName: 'Felipe Carrillo',
  broadcast: false,
  message: Message {
    conversation: 'Hola',
    messageContextInfo: MessageContextInfo {
      deviceListMetadata: [DeviceListMetadata],
      deviceListMetadataVersion: 2
    }
  },
  body: 'Hola',
  from: '573168108421'
}
[QUEUE_SE_ENVIO]:  {
  ref: 'ans_3f904462-9ff8-4a12-b5ee-c681c7a4ea37',
  keyword: 'key_a1c137ef-4f99-4960-bd35-171147ce2a22',
  answer: '⚡⚡ Hola, welcome a Nacional de Electricos ⚡⚡',
  options: {
    media: null,
    buttons: [],
    capture: false,
    child: null,
    delay: 0,
    idle: null,
    ref: null,
    nested: [],
    keyword: {},
    callback: false
  },
  refSerialize: '0aad3bbb9daee397aa7bebf435e51095'
}
[QUEUE_SE_ENVIO]:  {
  ref: 'ans_2f6b51ed-0c05-4545-8cf5-97e70986960d',
  keyword: 'ans_3f904462-9ff8-4a12-b5ee-c681c7a4ea37',
  answer: '📑 *MENÚ* 📑 \n' +
    '*1.* Registo \n' +
    '*2.* Informacion de mi pedido\n' +
    '*3.* Productos\n' +
    '*4.* Contactar con un experto\n' +
    '*5.* Información de mi pedido',
  options: {
    media: null,
    buttons: [],
    capture: false,
    child: null,
    delay: 0,
    idle: null,
    ref: null,
    nested: [
      [Object], [Object],
      [Object], [Object],
      [Object], [Object],
      [Object], [Object],
      [Object], [Object],
      [Object], [Object]
    ],
    keyword: {},
    callback: false
  },
  refSerialize: '2a0b4d24bc5207d28d9f9e2babe1798c'
}
[handleMsg]:  {
  key: {
    remoteJid: '573168108421@s.whatsapp.net',
    fromMe: false,
    id: '412C9A106D675C89665B9ED1F9262D19',
    participant: undefined
  },
  messageTimestamp: 1707929608,
  pushName: 'Felipe Carrillo',
  broadcast: false,
  message: Message {
    conversation: '2',
    messageContextInfo: MessageContextInfo {
      deviceListMetadata: [DeviceListMetadata],
      deviceListMetadataVersion: 2
    }
  },
  body: '2',
  from: '573168108421'
}
[QUEUE_SE_ENVIO]:  {
  ref: 'ans_d4b92573-cba8-4f2b-bef9-7e8b00868b77',
  keyword: 'key_88840475-58be-464f-813e-e99db87fc072',
  answer: 'Digita el *numero de celular* registrado en la *pagina web* para asi poder buscar tu pedido. ',
  options: {
    media: null,
    buttons: [],
    capture: true,
    child: null,
    delay: 0,
    idle: null,
    ref: null,
    nested: [],
    keyword: {},
    callback: true
  },
  refSerialize: 'c6ae0f3acaa5ea347f92f49b37291739'
}
[handleMsg]:  {
  key: {
    remoteJid: '573168108421@s.whatsapp.net',
    fromMe: false,
    id: 'B222068764ED3A26960970679759BB12',
    participant: undefined
  },
  messageTimestamp: 1707929614,
  pushName: 'Felipe Carrillo',
  broadcast: false,
  message: Message {
    conversation: '31blsvi1',
    messageContextInfo: MessageContextInfo {
      deviceListMetadata: [DeviceListMetadata],
      deviceListMetadataVersion: 2
    }
  },
  body: '31blsvi1',
  from: '573168108421'
}
[handleMsg]:  {
  key: {
    remoteJid: '573168108421@s.whatsapp.net',
    fromMe: false,
    id: 'BDBA03998C339E24EE6CA8EA9B6E4A2E',
    participant: undefined
  },
  messageTimestamp: 1707929640,
  pushName: 'Felipe Carrillo',
  broadcast: false,
  message: Message {
    conversation: '3148695283',
    messageContextInfo: MessageContextInfo {
      deviceListMetadata: [DeviceListMetadata],
      deviceListMetadataVersion: 2
    }
  },
  body: '3148695283',
  from: '573168108421'
}
[handleMsg]:  {
  key: {
    remoteJid: '573168108421@s.whatsapp.net',
    fromMe: false,
    id: '7D82647B2AC482A94107E9C58AAA36BC',
    participant: undefined
  },
  messageTimestamp: 1707929765,
  pushName: 'Felipe Carrillo',
  broadcast: false,
  message: Message {
    conversation: 'Hola',
    messageContextInfo: MessageContextInfo {
      deviceListMetadata: [DeviceListMetadata],
      deviceListMetadataVersion: 2
    }
  },
  body: 'Hola',
  from: '573168108421'
}
[QUEUE_SE_ENVIO]:  {
  ref: 'ans_3f904462-9ff8-4a12-b5ee-c681c7a4ea37',
  keyword: 'key_a1c137ef-4f99-4960-bd35-171147ce2a22',
  answer: '⚡⚡ Hola, welcome a Nacional de Electricos ⚡⚡',
  options: {
    media: null,
    buttons: [],
    capture: false,
    child: null,
    delay: 0,
    idle: null,
    ref: null,
    nested: [],
    keyword: {},
    callback: false
  },
  refSerialize: '0aad3bbb9daee397aa7bebf435e51095'
}
[QUEUE_SE_ENVIO]:  {
  ref: 'ans_2f6b51ed-0c05-4545-8cf5-97e70986960d',
  keyword: 'ans_3f904462-9ff8-4a12-b5ee-c681c7a4ea37',
  answer: '📑 *MENÚ* 📑 \n' +
    '*1.* Registo \n' +
    '*2.* Informacion de mi pedido\n' +
    '*3.* Productos\n' +
    '*4.* Contactar con un experto\n' +
    '*5.* Información de mi pedido',
  options: {
    media: null,
    buttons: [],
    capture: false,
    child: null,
    delay: 0,
    idle: null,
    ref: null,
    nested: [
      [Object], [Object],
      [Object], [Object],
      [Object], [Object],
      [Object], [Object],
      [Object], [Object],
      [Object], [Object]
    ],
    keyword: {},
    callback: false
  },
  refSerialize: '2a0b4d24bc5207d28d9f9e2babe1798c'
}
[handleMsg]:  {
  key: {
    remoteJid: '573168108421@s.whatsapp.net',
    fromMe: false,
    id: '6DD12D770A49378F9DDB2DCE7615FECD',
    participant: undefined
  },
  messageTimestamp: 1707929768,
  pushName: 'Felipe Carrillo',
  broadcast: false,
  message: Message {
    conversation: '2',
    messageContextInfo: MessageContextInfo {
      deviceListMetadata: [DeviceListMetadata],
      deviceListMetadataVersion: 2
    }
  },
  body: '2',
  from: '573168108421'
}
[QUEUE_SE_ENVIO]:  {
  ref: 'ans_d4b92573-cba8-4f2b-bef9-7e8b00868b77',
  keyword: 'key_88840475-58be-464f-813e-e99db87fc072',
  answer: 'Digita el *numero de celular* registrado en la *pagina web* para asi poder buscar tu pedido. ',
  options: {
    media: null,
    buttons: [],
    capture: true,
    child: null,
    delay: 0,
    idle: null,
    ref: null,
    nested: [],
    keyword: {},
    callback: true
  },
  refSerialize: 'c6ae0f3acaa5ea347f92f49b37291739'
}
